<?xml version="1.0" encoding="UTF-8"?>
<!-- Generated by org.testng.reporters.JUnitXMLReporter -->
<testsuite ignored="0" hostname="LAPTOP-OITAHU7F" failures="2" tests="2" name="Default test" time="32.856" errors="0" timestamp="2022-08-20T07:02:34 IST">
  <testcase classname="testCases.HomePageTest" name="verifyHomePageTitle" time="0.028">
    <failure type="java.lang.AssertionError" message="expected [Your Store] but found []">
      <![CDATA[java.lang.AssertionError: expected [Your Store] but found []
at testCases.HomePageTest.verifyHomePageTitle(HomePageTest.java:17)
at java.base/java.util.ArrayList.forEach(ArrayList.java:1511)
... Removed 33 stack frames]]>
    </failure>
  </testcase> <!-- verifyHomePageTitle -->
  <testcase classname="testCases.HomePageTest" name="verifyHomePageTitle" time="32.84">
    <failure type="java.lang.NullPointerException" message="Cannot invoke &amp;quot;org.openqa.selenium.TakesScreenshot.getScreenshotAs(org.openqa.selenium.OutputType)&amp;quot; because &amp;quot;this.driver&amp;quot; is null">
      <![CDATA[java.lang.NullPointerException: Cannot invoke "org.openqa.selenium.TakesScreenshot.getScreenshotAs(org.openqa.selenium.OutputType)" because "this.driver" is null
at base.BasePage.getScreenshot(BasePage.java:66)
at utilities.ExtentReport.onTestFailure(ExtentReport.java:103)
at java.base/java.util.ArrayList.forEach(ArrayList.java:1511)
... Removed 24 stack frames]]>
    </failure>
  </testcase> <!-- verifyHomePageTitle -->
</testsuite> <!-- Default test -->
